<?xml version="1.0" encoding="UTF-8"?>
<!-- Generated by org.testng.reporters.JUnitReportReporter -->
<testsuite skipped="0" hostname="DESKTOP-US66I4R" name="com.sampleframework.testCases.TC_SearchCustomerByEmail_005" tests="2" failures="0" timestamp="2020-07-17T14:03:55 PDT" time="11.860" errors="0">
  <testcase name="appLogin" time="10.316" classname="com.sampleframework.testCases.TC_SearchCustomerByEmail_005"/>
  <system-out/>
  <testcase name="searchEmail" time="1.544" classname="com.sampleframework.testCases.TC_SearchCustomerByEmail_005"/>
  <system-out/>
</testsuite> <!-- com.sampleframework.testCases.TC_SearchCustomerByEmail_005 -->
