<?xml version="1.0" encoding="UTF-8"?>
<!-- Generated by org.testng.reporters.JUnitReportReporter -->
<testsuite skipped="0" hostname="DESKTOP-US66I4R" name="com.sampleframework.testCases.TC_AddCustomer_004" tests="2" failures="0" timestamp="2020-07-17T12:00:36 PDT" time="21.265" errors="0">
  <testcase name="appLogin" time="14.512" classname="com.sampleframework.testCases.TC_AddCustomer_004"/>
  <system-out/>
  <testcase name="addCustomer" time="6.753" classname="com.sampleframework.testCases.TC_AddCustomer_004"/>
  <system-out/>
</testsuite> <!-- com.sampleframework.testCases.TC_AddCustomer_004 -->
