<?xml version="1.0" encoding="UTF-8"?>
<!-- Generated by org.testng.reporters.JUnitReportReporter -->
<testsuite skipped="0" hostname="DESKTOP-US66I4R" name="com.sampleframework.testCases.TC_AddCustomer_004" tests="2" failures="0" timestamp="2020-07-17T14:05:42 PDT" time="15.188" errors="0">
  <testcase name="appLogin" time="6.761" classname="com.sampleframework.testCases.TC_AddCustomer_004"/>
  <system-out/>
  <testcase name="addCustomer" time="8.427" classname="com.sampleframework.testCases.TC_AddCustomer_004"/>
  <system-out/>
</testsuite> <!-- com.sampleframework.testCases.TC_AddCustomer_004 -->
