<?xml version="1.0" encoding="UTF-8"?>
<!-- Generated by org.testng.reporters.JUnitReportReporter -->
<testsuite skipped="0" hostname="DESKTOP-US66I4R" name="com.sampleframework.testCases.TC_LoginTest_001" tests="2" failures="0" timestamp="2020-07-17T14:05:42 PDT" time="13.292" errors="0">
  <testcase name="appLogin" time="12.375" classname="com.sampleframework.testCases.TC_LoginTest_001"/>
  <system-out/>
  <testcase name="login" time="0.917" classname="com.sampleframework.testCases.TC_LoginTest_001"/>
  <system-out/>
</testsuite> <!-- com.sampleframework.testCases.TC_LoginTest_001 -->
